<?xml version="1.0" encoding="UTF-8"?>
<!-- Generated by org.testng.reporters.JUnitXMLReporter -->
<testsuite ignored="1" hostname="Lohith" failures="0" tests="2" name="Test" time="17.9" errors="0" timestamp="2022-05-20T08:58:14 IST">
  <testcase classname="smokeregression.copy.test4" name="testCase" time="2.332"/>
  <testcase classname="smokeregression.copy.test3" name="testCase" time="1.99"/>
  <testcase classname="smokeregression.copy.test5" name="testCase" time="0.0">
    <ignored/>
  </testcase> <!-- testCase -->
</testsuite> <!-- Test -->
