<?xml version="1.0" encoding="UTF-8"?>
<testng-results ignored="0" total="3" passed="3" failed="0" skipped="0">
  <reporter-output>
    <line>
      <![CDATA[----connect to db----]]>
    </line>
    <line>
      <![CDATA[open the app]]>
    </line>
    <line>
      <![CDATA[testing the loginpage]]>
    </line>
    <line>
      <![CDATA[close the app]]>
    </line>
    <line>
      <![CDATA[open the app]]>
    </line>
    <line>
      <![CDATA[testing the loginpage]]>
    </line>
    <line>
      <![CDATA[close the app]]>
    </line>
    <line>
      <![CDATA[open the app]]>
    </line>
    <line>
      <![CDATA[testing the loginpage]]>
    </line>
    <line>
      <![CDATA[close the app]]>
    </line>
    <line>
      <![CDATA[----discconnect to db----]]>
    </line>
  </reporter-output>
  <suite started-at="2022-05-20T09:17:35 IST" name="Suite" finished-at="2022-05-20T09:18:13 IST" duration-ms="38013">
    <groups>
    </groups>
    <test started-at="2022-05-20T09:17:35 IST" name="Test1" finished-at="2022-05-20T09:17:45 IST" duration-ms="10352">
      <class name="parallel.copy.test4">
        <test-method is-config="true" signature="openApp(java.lang.String)[pri:0, instance:parallel.copy.test4@fa49800]" started-at="2022-05-20T09:17:35 IST" name="openApp" finished-at="2022-05-20T09:17:42 IST" duration-ms="7556" status="PASS">
          <params>
            <param index="0">
              <value>
                <![CDATA[chrome]]>
              </value>
            </param>
          </params>
          <reporter-output>
            <line>
              <![CDATA[open the app]]>
            </line>
          </reporter-output>
        </test-method> <!-- openApp -->
        <test-method signature="testCase()[pri:0, instance:parallel.copy.test4@fa49800]" started-at="2022-05-20T09:17:42 IST" name="testCase" finished-at="2022-05-20T09:17:45 IST" duration-ms="2466" status="PASS">
          <reporter-output>
            <line>
              <![CDATA[testing the loginpage]]>
            </line>
          </reporter-output>
        </test-method> <!-- testCase -->
        <test-method is-config="true" signature="closeApp()[pri:0, instance:parallel.copy.test4@fa49800]" started-at="2022-05-20T09:17:45 IST" name="closeApp" finished-at="2022-05-20T09:17:45 IST" duration-ms="261" status="PASS">
          <reporter-output>
            <line>
              <![CDATA[close the app]]>
            </line>
          </reporter-output>
        </test-method> <!-- closeApp -->
      </class> <!-- parallel.copy.test4 -->
    </test> <!-- Test1 -->
    <test started-at="2022-05-20T09:17:45 IST" name="Test2" finished-at="2022-05-20T09:18:03 IST" duration-ms="17499">
      <class name="parallel.copy.test4">
        <test-method is-config="true" signature="openApp(java.lang.String)[pri:0, instance:parallel.copy.test4@74751b3]" started-at="2022-05-20T09:17:45 IST" name="openApp" finished-at="2022-05-20T09:17:57 IST" duration-ms="11795" status="PASS">
          <params>
            <param index="0">
              <value>
                <![CDATA[firefox]]>
              </value>
            </param>
          </params>
          <reporter-output>
            <line>
              <![CDATA[open the app]]>
            </line>
          </reporter-output>
        </test-method> <!-- openApp -->
        <test-method signature="testCase()[pri:0, instance:parallel.copy.test4@74751b3]" started-at="2022-05-20T09:17:57 IST" name="testCase" finished-at="2022-05-20T09:17:59 IST" duration-ms="2041" status="PASS">
          <reporter-output>
            <line>
              <![CDATA[testing the loginpage]]>
            </line>
          </reporter-output>
        </test-method> <!-- testCase -->
        <test-method is-config="true" signature="closeApp()[pri:0, instance:parallel.copy.test4@74751b3]" started-at="2022-05-20T09:17:59 IST" name="closeApp" finished-at="2022-05-20T09:18:03 IST" duration-ms="3655" status="PASS">
          <reporter-output>
            <line>
              <![CDATA[close the app]]>
            </line>
          </reporter-output>
        </test-method> <!-- closeApp -->
      </class> <!-- parallel.copy.test4 -->
    </test> <!-- Test2 -->
    <test started-at="2022-05-20T09:18:03 IST" name="Test3" finished-at="2022-05-20T09:18:13 IST" duration-ms="10026">
      <class name="parallel.copy.test4">
        <test-method is-config="true" signature="connectDb()[pri:0, instance:parallel.copy.test4@4f2b503c]" started-at="2022-05-20T09:17:35 IST" name="connectDb" finished-at="2022-05-20T09:17:35 IST" duration-ms="14" status="PASS">
          <reporter-output>
            <line>
              <![CDATA[----connect to db----]]>
            </line>
          </reporter-output>
        </test-method> <!-- connectDb -->
        <test-method is-config="true" signature="openApp(java.lang.String)[pri:0, instance:parallel.copy.test4@4f2b503c]" started-at="2022-05-20T09:18:03 IST" name="openApp" finished-at="2022-05-20T09:18:10 IST" duration-ms="6897" status="PASS">
          <params>
            <param index="0">
              <value>
                <![CDATA[chrome]]>
              </value>
            </param>
          </params>
          <reporter-output>
            <line>
              <![CDATA[open the app]]>
            </line>
          </reporter-output>
        </test-method> <!-- openApp -->
        <test-method signature="testCase()[pri:0, instance:parallel.copy.test4@4f2b503c]" started-at="2022-05-20T09:18:10 IST" name="testCase" finished-at="2022-05-20T09:18:13 IST" duration-ms="2885" status="PASS">
          <reporter-output>
            <line>
              <![CDATA[testing the loginpage]]>
            </line>
          </reporter-output>
        </test-method> <!-- testCase -->
        <test-method is-config="true" signature="closeApp()[pri:0, instance:parallel.copy.test4@4f2b503c]" started-at="2022-05-20T09:18:13 IST" name="closeApp" finished-at="2022-05-20T09:18:13 IST" duration-ms="235" status="PASS">
          <reporter-output>
            <line>
              <![CDATA[close the app]]>
            </line>
          </reporter-output>
        </test-method> <!-- closeApp -->
        <test-method is-config="true" signature="disconnectDb()[pri:0, instance:parallel.copy.test4@4f2b503c]" started-at="2022-05-20T09:18:13 IST" name="disconnectDb" finished-at="2022-05-20T09:18:13 IST" duration-ms="0" status="PASS">
          <reporter-output>
            <line>
              <![CDATA[----discconnect to db----]]>
            </line>
          </reporter-output>
        </test-method> <!-- disconnectDb -->
      </class> <!-- parallel.copy.test4 -->
    </test> <!-- Test3 -->
  </suite> <!-- Suite -->
</testng-results>
